<?xml version="1.0" encoding="UTF-8"?>
<!-- Generated by org.testng.reporters.JUnitXMLReporter -->
<testsuite ignored="0" hostname="LAPTOP-SB5APSLQ" failures="0" tests="2" name="Default test" time="32.848" errors="0" timestamp="2022-12-01T12:34:27 IST">
  <testcase classname="neostoxtest.Neostoxclassusingpropertiesclass" name="validateAcbalance" time="0.055"/>
  <testcase classname="neostoxtest.Neostoxclassusingpropertiesclass" name="validateusername" time="2.202"/>
</testsuite> <!-- Default test -->
