<?xml version="1.0" encoding="UTF-8"?>
<!-- Generated by org.testng.reporters.JUnitXMLReporter -->
<testsuite ignored="0" hostname="LAPTOP-SB5APSLQ" failures="2" tests="6" name="Test" time="0.069" errors="0" timestamp="2022-11-30T12:24:01 IST">
  <testcase classname="listener.mytest2" name="F" time="0.009">
    <failure type="java.lang.AssertionError" message="null">
      <![CDATA[java.lang.AssertionError: null
at listener.mytest2.F(mytest2.java:24)
at java.base/java.util.ArrayList.forEach(ArrayList.java:1541)
... Removed 29 stack frames]]>
    </failure>
  </testcase> <!-- F -->
  <testcase classname="listener.mytest2" name="D" time="0.001"/>
  <testcase classname="listener.mytest2" name="E" time="0.0">
    <skipped/>
  </testcase> <!-- E -->
  <testcase classname="listener.mytestlistener1" name="A" time="0.001"/>
  <testcase classname="listener.mytestlistener1" name="C" time="0.001">
    <failure type="java.lang.AssertionError" message="null">
      <![CDATA[java.lang.AssertionError: null
at listener.mytestlistener1.C(mytestlistener1.java:25)
at java.base/java.util.ArrayList.forEach(ArrayList.java:1541)
... Removed 29 stack frames]]>
    </failure>
  </testcase> <!-- C -->
  <testcase classname="listener.mytestlistener1" name="B" time="0.0">
    <skipped/>
  </testcase> <!-- B -->
</testsuite> <!-- Test -->
