<?xml version="1.0" encoding="UTF-8"?>
<testng-results ignored="0" total="2" passed="2" failed="0" skipped="0">
  <reporter-output>
    <line>
      <![CDATA[reading value of urlfrom property file]]>
    </line>
    <line>
      <![CDATA[waiting for 1000milis]]>
    </line>
    <line>
      <![CDATA[launching browser with url]]>
    </line>
    <line>
      <![CDATA[reading value of mobnumfrom property file]]>
    </line>
    <line>
      <![CDATA[waiting for 1000milis]]>
    </line>
    <line>
      <![CDATA[sending mobile Number]]>
    </line>
    <line>
      <![CDATA[clicking on signin button]]>
    </line>
    <line>
      <![CDATA[reading value of passwordfrom property file]]>
    </line>
    <line>
      <![CDATA[waiting for 1000milis]]>
    </line>
    <line>
      <![CDATA[Entering password]]>
    </line>
    <line>
      <![CDATA[clicking on submit button]]>
    </line>
    <line>
      <![CDATA[waiting for 3000milis]]>
    </line>
    <line>
      <![CDATA[hanndling popup]]>
    </line>
    <line>
      <![CDATA[waiting for 1000milis]]>
    </line>
    <line>
      <![CDATA[checking available balance]]>
    </line>
    <line>
      <![CDATA[checking available balance]]>
    </line>
    <line>
      <![CDATA[account balnce isRs.5,00,000.00]]>
    </line>
    <line>
      <![CDATA[TCvalidateAcbalance is completed successfully]]>
    </line>
    <line>
      <![CDATA[logging out of application]]>
    </line>
    <line>
      <![CDATA[waiting for 1000milis]]>
    </line>
    <line>
      <![CDATA[reading value of mobnumfrom property file]]>
    </line>
    <line>
      <![CDATA[waiting for 1000milis]]>
    </line>
    <line>
      <![CDATA[sending mobile Number]]>
    </line>
    <line>
      <![CDATA[clicking on signin button]]>
    </line>
    <line>
      <![CDATA[reading value of passwordfrom property file]]>
    </line>
    <line>
      <![CDATA[waiting for 1000milis]]>
    </line>
    <line>
      <![CDATA[Entering password]]>
    </line>
    <line>
      <![CDATA[clicking on submit button]]>
    </line>
    <line>
      <![CDATA[There is no popup ]]>
    </line>
    <line>
      <![CDATA[waiting for 2000milis]]>
    </line>
    <line>
      <![CDATA[getting actual userid]]>
    </line>
    <line>
      <![CDATA[reading value of usernamefrom property file]]>
    </line>
    <line>
      <![CDATA[getting actual userid]]>
    </line>
    <line>
      <![CDATA[taking screenshot ]]>
    </line>
    <line>
      <![CDATA[actual and expected userid is matching tc is passed]]>
    </line>
    <line>
      <![CDATA[TCvalidateusername is completed successfully]]>
    </line>
    <line>
      <![CDATA[logging out of application]]>
    </line>
    <line>
      <![CDATA[waiting for 1000milis]]>
    </line>
  </reporter-output>
  <suite started-at="2022-12-01T12:33:54 IST" name="Default suite" finished-at="2022-12-01T12:34:27 IST" duration-ms="32848">
    <groups>
    </groups>
    <test started-at="2022-12-01T12:33:54 IST" name="Default test" finished-at="2022-12-01T12:34:27 IST" duration-ms="32848">
      <class name="neostoxtest.Neostoxclassusingpropertiesclass">
        <test-method is-config="true" signature="launchneostox()[pri:0, instance:neostoxtest.Neostoxclassusingpropertiesclass@4686afc2]" started-at="2022-12-01T12:33:54 IST" name="launchneostox" finished-at="2022-12-01T12:34:00 IST" duration-ms="5894" status="PASS">
          <reporter-output>
            <line>
              <![CDATA[reading value of urlfrom property file]]>
            </line>
            <line>
              <![CDATA[waiting for 1000milis]]>
            </line>
            <line>
              <![CDATA[launching browser with url]]>
            </line>
          </reporter-output>
        </test-method> <!-- launchneostox -->
        <test-method is-config="true" signature="logintoneostox()[pri:0, instance:neostoxtest.Neostoxclassusingpropertiesclass@4686afc2]" started-at="2022-12-01T12:34:00 IST" name="logintoneostox" finished-at="2022-12-01T12:34:14 IST" duration-ms="14047" status="PASS">
          <reporter-output>
            <line>
              <![CDATA[reading value of mobnumfrom property file]]>
            </line>
            <line>
              <![CDATA[waiting for 1000milis]]>
            </line>
            <line>
              <![CDATA[sending mobile Number]]>
            </line>
            <line>
              <![CDATA[clicking on signin button]]>
            </line>
            <line>
              <![CDATA[reading value of passwordfrom property file]]>
            </line>
            <line>
              <![CDATA[waiting for 1000milis]]>
            </line>
            <line>
              <![CDATA[Entering password]]>
            </line>
            <line>
              <![CDATA[clicking on submit button]]>
            </line>
            <line>
              <![CDATA[waiting for 3000milis]]>
            </line>
            <line>
              <![CDATA[hanndling popup]]>
            </line>
          </reporter-output>
        </test-method> <!-- logintoneostox -->
        <test-method signature="validateAcbalance()[pri:0, instance:neostoxtest.Neostoxclassusingpropertiesclass@4686afc2]" started-at="2022-12-01T12:34:14 IST" name="validateAcbalance" finished-at="2022-12-01T12:34:14 IST" duration-ms="55" status="PASS">
          <reporter-output>
            <line>
              <![CDATA[waiting for 1000milis]]>
            </line>
            <line>
              <![CDATA[checking available balance]]>
            </line>
            <line>
              <![CDATA[checking available balance]]>
            </line>
            <line>
              <![CDATA[account balnce isRs.5,00,000.00]]>
            </line>
            <line>
              <![CDATA[TCvalidateAcbalance is completed successfully]]>
            </line>
          </reporter-output>
        </test-method> <!-- validateAcbalance -->
        <test-method is-config="true" signature="closingbrowser()[pri:0, instance:neostoxtest.Neostoxclassusingpropertiesclass@4686afc2]" started-at="2022-12-01T12:34:14 IST" name="closingbrowser" finished-at="2022-12-01T12:34:14 IST" duration-ms="173" status="PASS">
          <reporter-output>
            <line>
              <![CDATA[logging out of application]]>
            </line>
            <line>
              <![CDATA[waiting for 1000milis]]>
            </line>
          </reporter-output>
        </test-method> <!-- closingbrowser -->
        <test-method is-config="true" signature="logintoneostox()[pri:0, instance:neostoxtest.Neostoxclassusingpropertiesclass@4686afc2]" started-at="2022-12-01T12:34:14 IST" name="logintoneostox" finished-at="2022-12-01T12:34:24 IST" duration-ms="10300" status="PASS">
          <reporter-output>
            <line>
              <![CDATA[reading value of mobnumfrom property file]]>
            </line>
            <line>
              <![CDATA[waiting for 1000milis]]>
            </line>
            <line>
              <![CDATA[sending mobile Number]]>
            </line>
            <line>
              <![CDATA[clicking on signin button]]>
            </line>
            <line>
              <![CDATA[reading value of passwordfrom property file]]>
            </line>
            <line>
              <![CDATA[waiting for 1000milis]]>
            </line>
            <line>
              <![CDATA[Entering password]]>
            </line>
            <line>
              <![CDATA[clicking on submit button]]>
            </line>
            <line>
              <![CDATA[There is no popup ]]>
            </line>
          </reporter-output>
        </test-method> <!-- logintoneostox -->
        <test-method signature="validateusername()[pri:0, instance:neostoxtest.Neostoxclassusingpropertiesclass@4686afc2]" started-at="2022-12-01T12:34:24 IST" name="validateusername" finished-at="2022-12-01T12:34:27 IST" duration-ms="2202" status="PASS">
          <reporter-output>
            <line>
              <![CDATA[waiting for 2000milis]]>
            </line>
            <line>
              <![CDATA[getting actual userid]]>
            </line>
            <line>
              <![CDATA[reading value of usernamefrom property file]]>
            </line>
            <line>
              <![CDATA[getting actual userid]]>
            </line>
            <line>
              <![CDATA[taking screenshot ]]>
            </line>
            <line>
              <![CDATA[actual and expected userid is matching tc is passed]]>
            </line>
            <line>
              <![CDATA[TCvalidateusername is completed successfully]]>
            </line>
          </reporter-output>
        </test-method> <!-- validateusername -->
        <test-method is-config="true" signature="closingbrowser()[pri:0, instance:neostoxtest.Neostoxclassusingpropertiesclass@4686afc2]" started-at="2022-12-01T12:34:27 IST" name="closingbrowser" finished-at="2022-12-01T12:34:27 IST" duration-ms="133" status="PASS">
          <reporter-output>
            <line>
              <![CDATA[logging out of application]]>
            </line>
            <line>
              <![CDATA[waiting for 1000milis]]>
            </line>
          </reporter-output>
        </test-method> <!-- closingbrowser -->
      </class> <!-- neostoxtest.Neostoxclassusingpropertiesclass -->
    </test> <!-- Default test -->
  </suite> <!-- Default suite -->
</testng-results>
